#
# A fatal error has been detected by the Java Runtime Environment:
#
#  SIGSEGV (0xb) at pc=0x00007f7c239c23d1, pid=20222, tid=31857
#
# JRE version: OpenJDK Runtime Environment (11.0.11+9) (build 11.0.11+9-Ubuntu-0ubuntu2.18.04)
# Java VM: OpenJDK 64-Bit Server VM (11.0.11+9-Ubuntu-0ubuntu2.18.04, mixed mode, sharing, tiered, compressed oops, g1 gc, linux-amd64)
# Problematic frame:
# C  [libjimage.so+0x23d1]
#
# Core dump will be written. Default location: Core dumps may be processed with "/usr/share/apport/apport %p %s %c %d %P %E" (or dumping to /home/sirkp/Downloads/hibernate/core.20222)
#
# If you would like to submit a bug report, please visit:
#   https://bugs.launchpad.net/ubuntu/+source/openjdk-lts
#

---------------  S U M M A R Y ------------

Command Line: -agentlib:jdwp=transport=dt_socket,server=n,suspend=y,address=localhost:46289 -Dfile.encoding=UTF-8 com.example.hibernate.HibernateApplication

Host: Intel(R) Core(TM) i5-6200U CPU @ 2.30GHz, 4 cores, 7G, Ubuntu 18.04.5 LTS
Time: Fri Aug 20 23:05:11 2021 IST elapsed time: 12074.305496 seconds (0d 3h 21m 14s)

---------------  T H R E A D  ---------------

Current thread (0x00007f7bc4004000):  JavaThread "SpringApplicationShutdownHook" [_thread_in_vm, id=31857, stack(0x00007f7c238bf000,0x00007f7c239c0000)]

Stack: [0x00007f7c238bf000,0x00007f7c239c0000],  sp=0x00007f7c239bd090,  free space=1016k
Native frames: (J=compiled Java code, A=aot compiled Java code, j=interpreted, Vv=VM code, C=native code)
C  [libjimage.so+0x23d1]
C  [libjimage.so+0x304a]
C  [libjimage.so+0x3515]